Determining size of off64_t failed with the following output:
Change Dir: D:/Marfil Studios/Engine/trunk/libs/assimplib/CMakeFiles/CMakeTmp

Run Build Command:"C:/Program Files (x86)/MSBuild/12.0/bin/MSBuild.exe" "cmTC_2197e.vcxproj" "/p:Configuration=Debug" "/p:VisualStudioVersion=12.0"
Microsoft (R) Build Engine version 12.0.21005.1
[Microsoft .NET Framework, version 4.0.30319.18408]
Copyright (C) Microsoft Corporation. All rights reserved.

Build started 17.3.2016. 21:57:30.
Project "D:\Marfil Studios\Engine\trunk\libs\assimplib\CMakeFiles\CMakeTmp\cmTC_2197e.vcxproj" on node 1 (default targets).
PrepareForBuild:
  Creating directory "cmTC_2197e.dir\Debug\".
  Creating directory "D:\Marfil Studios\Engine\trunk\libs\assimplib\CMakeFiles\CMakeTmp\Debug\".
  Creating directory "cmTC_2197e.dir\Debug\cmTC_2197e.tlog\".
InitializeBuildStatus:
  Creating "cmTC_2197e.dir\Debug\cmTC_2197e.tlog\unsuccessfulbuild" because "AlwaysCreate" was specified.
ClCompile:
  C:\Program Files (x86)\Microsoft Visual Studio 12.0\VC\bin\CL.exe /c /Zi /W3 /WX- /Od /Ob0 /Oy- /D WIN32 /D _WINDOWS /D _DEBUG /D _LARGEFILE64_SOURCE=1 /D HAVE_SYS_TYPES_H /D HAVE_STDINT_H /D HAVE_STDDEF_H /D "CMAKE_INTDIR=\"Debug\"" /D _MBCS /Gm- /RTC1 /MDd /GS /fp:precise /Zc:wchar_t /Zc:forScope /Fo"cmTC_2197e.dir\Debug\\" /Fd"cmTC_2197e.dir\Debug\vc120.pdb" /Gd /TC /analyze- /errorReport:queue "D:\Marfil Studios\Engine\trunk\libs\assimplib\CMakeFiles\CheckTypeSize\OFF64_T.c"
  OFF64_T.c
  Microsoft (R) C/C++ Optimizing Compiler Version 18.00.21005.1 for x86
  Copyright (C) Microsoft Corporation.  All rights reserved.
  
  cl /c /Zi /W3 /WX- /Od /Ob0 /Oy- /D WIN32 /D _WINDOWS /D _DEBUG /D _LARGEFILE64_SOURCE=1 /D HAVE_SYS_TYPES_H /D HAVE_STDINT_H /D HAVE_STDDEF_H /D "CMAKE_INTDIR=\"Debug\"" /D _MBCS /Gm- /RTC1 /MDd /GS /fp:precise /Zc:wchar_t /Zc:forScope /Fo"cmTC_2197e.dir\Debug\\" /Fd"cmTC_2197e.dir\Debug\vc120.pdb" /Gd /TC /analyze- /errorReport:queue "D:\Marfil Studios\Engine\trunk\libs\assimplib\CMakeFiles\CheckTypeSize\OFF64_T.c"
  
D:\Marfil Studios\Engine\trunk\libs\assimplib\CMakeFiles\CheckTypeSize\OFF64_T.c(19): error C2065: 'off64_t' : undeclared identifier [D:\Marfil Studios\Engine\trunk\libs\assimplib\CMakeFiles\CMakeTmp\cmTC_2197e.vcxproj]
D:\Marfil Studios\Engine\trunk\libs\assimplib\CMakeFiles\CheckTypeSize\OFF64_T.c(20): error C2065: 'off64_t' : undeclared identifier [D:\Marfil Studios\Engine\trunk\libs\assimplib\CMakeFiles\CMakeTmp\cmTC_2197e.vcxproj]
D:\Marfil Studios\Engine\trunk\libs\assimplib\CMakeFiles\CheckTypeSize\OFF64_T.c(21): error C2065: 'off64_t' : undeclared identifier [D:\Marfil Studios\Engine\trunk\libs\assimplib\CMakeFiles\CMakeTmp\cmTC_2197e.vcxproj]
D:\Marfil Studios\Engine\trunk\libs\assimplib\CMakeFiles\CheckTypeSize\OFF64_T.c(22): error C2065: 'off64_t' : undeclared identifier [D:\Marfil Studios\Engine\trunk\libs\assimplib\CMakeFiles\CMakeTmp\cmTC_2197e.vcxproj]
D:\Marfil Studios\Engine\trunk\libs\assimplib\CMakeFiles\CheckTypeSize\OFF64_T.c(23): error C2065: 'off64_t' : undeclared identifier [D:\Marfil Studios\Engine\trunk\libs\assimplib\CMakeFiles\CMakeTmp\cmTC_2197e.vcxproj]
Done Building Project "D:\Marfil Studios\Engine\trunk\libs\assimplib\CMakeFiles\CMakeTmp\cmTC_2197e.vcxproj" (default targets) -- FAILED.

Build FAILED.

"D:\Marfil Studios\Engine\trunk\libs\assimplib\CMakeFiles\CMakeTmp\cmTC_2197e.vcxproj" (default target) (1) ->
(ClCompile target) -> 
  D:\Marfil Studios\Engine\trunk\libs\assimplib\CMakeFiles\CheckTypeSize\OFF64_T.c(19): error C2065: 'off64_t' : undeclared identifier [D:\Marfil Studios\Engine\trunk\libs\assimplib\CMakeFiles\CMakeTmp\cmTC_2197e.vcxproj]
  D:\Marfil Studios\Engine\trunk\libs\assimplib\CMakeFiles\CheckTypeSize\OFF64_T.c(20): error C2065: 'off64_t' : undeclared identifier [D:\Marfil Studios\Engine\trunk\libs\assimplib\CMakeFiles\CMakeTmp\cmTC_2197e.vcxproj]
  D:\Marfil Studios\Engine\trunk\libs\assimplib\CMakeFiles\CheckTypeSize\OFF64_T.c(21): error C2065: 'off64_t' : undeclared identifier [D:\Marfil Studios\Engine\trunk\libs\assimplib\CMakeFiles\CMakeTmp\cmTC_2197e.vcxproj]
  D:\Marfil Studios\Engine\trunk\libs\assimplib\CMakeFiles\CheckTypeSize\OFF64_T.c(22): error C2065: 'off64_t' : undeclared identifier [D:\Marfil Studios\Engine\trunk\libs\assimplib\CMakeFiles\CMakeTmp\cmTC_2197e.vcxproj]
  D:\Marfil Studios\Engine\trunk\libs\assimplib\CMakeFiles\CheckTypeSize\OFF64_T.c(23): error C2065: 'off64_t' : undeclared identifier [D:\Marfil Studios\Engine\trunk\libs\assimplib\CMakeFiles\CMakeTmp\cmTC_2197e.vcxproj]

    0 Warning(s)
    5 Error(s)

Time Elapsed 00:00:00.25

D:/Marfil Studios/Engine/trunk/libs/assimplib/CMakeFiles/CheckTypeSize/OFF64_T.c:
#include <sys/types.h>
#include <stdint.h>
#include <stddef.h>


#undef KEY
#if defined(__i386)
# define KEY '_','_','i','3','8','6'
#elif defined(__x86_64)
# define KEY '_','_','x','8','6','_','6','4'
#elif defined(__ppc__)
# define KEY '_','_','p','p','c','_','_'
#elif defined(__ppc64__)
# define KEY '_','_','p','p','c','6','4','_','_'
#endif

#define SIZE (sizeof(off64_t))
char info_size[] =  {'I', 'N', 'F', 'O', ':', 's','i','z','e','[',
  ('0' + ((SIZE / 10000)%10)),
  ('0' + ((SIZE / 1000)%10)),
  ('0' + ((SIZE / 100)%10)),
  ('0' + ((SIZE / 10)%10)),
  ('0' +  (SIZE    % 10)),
  ']',
#ifdef KEY
  ' ','k','e','y','[', KEY, ']',
#endif
  '\0'};

#ifdef __CLASSIC_C__
int main(argc, argv) int argc; char *argv[];
#else
int main(int argc, char *argv[])
#endif
{
  int require = 0;
  require += info_size[argc];
  (void)argv;
  return require;
}


Determining if the function fseeko exists failed with the following output:
Change Dir: D:/Marfil Studios/Engine/trunk/libs/assimplib/CMakeFiles/CMakeTmp

Run Build Command:"C:/Program Files (x86)/MSBuild/12.0/bin/MSBuild.exe" "cmTC_a34cb.vcxproj" "/p:Configuration=Debug" "/p:VisualStudioVersion=12.0"
Microsoft (R) Build Engine version 12.0.21005.1
[Microsoft .NET Framework, version 4.0.30319.18408]
Copyright (C) Microsoft Corporation. All rights reserved.

Build started 17.3.2016. 21:57:30.
Project "D:\Marfil Studios\Engine\trunk\libs\assimplib\CMakeFiles\CMakeTmp\cmTC_a34cb.vcxproj" on node 1 (default targets).
PrepareForBuild:
  Creating directory "cmTC_a34cb.dir\Debug\".
  Creating directory "D:\Marfil Studios\Engine\trunk\libs\assimplib\CMakeFiles\CMakeTmp\Debug\".
  Creating directory "cmTC_a34cb.dir\Debug\cmTC_a34cb.tlog\".
InitializeBuildStatus:
  Creating "cmTC_a34cb.dir\Debug\cmTC_a34cb.tlog\unsuccessfulbuild" because "AlwaysCreate" was specified.
ClCompile:
  C:\Program Files (x86)\Microsoft Visual Studio 12.0\VC\bin\CL.exe /c /Zi /W3 /WX- /Od /Ob0 /Oy- /D WIN32 /D _WINDOWS /D CHECK_FUNCTION_EXISTS=fseeko /D _DEBUG /D "CMAKE_INTDIR=\"Debug\"" /D _MBCS /Gm- /RTC1 /MDd /GS /fp:precise /Zc:wchar_t /Zc:forScope /Fo"cmTC_a34cb.dir\Debug\\" /Fd"cmTC_a34cb.dir\Debug\vc120.pdb" /Gd /TC /analyze- /errorReport:queue "C:\Program Files (x86)\CMake\share\cmake-3.4\Modules\CheckFunctionExists.c"
  CheckFunctionExists.c
  Microsoft (R) C/C++ Optimizing Compiler Version 18.00.21005.1 for x86
  Copyright (C) Microsoft Corporation.  All rights reserved.
  
  cl /c /Zi /W3 /WX- /Od /Ob0 /Oy- /D WIN32 /D _WINDOWS /D CHECK_FUNCTION_EXISTS=fseeko /D _DEBUG /D "CMAKE_INTDIR=\"Debug\"" /D _MBCS /Gm- /RTC1 /MDd /GS /fp:precise /Zc:wchar_t /Zc:forScope /Fo"cmTC_a34cb.dir\Debug\\" /Fd"cmTC_a34cb.dir\Debug\vc120.pdb" /Gd /TC /analyze- /errorReport:queue "C:\Program Files (x86)\CMake\share\cmake-3.4\Modules\CheckFunctionExists.c"
  
Link:
  C:\Program Files (x86)\Microsoft Visual Studio 12.0\VC\bin\link.exe /ERRORREPORT:QUEUE /OUT:"D:\Marfil Studios\Engine\trunk\libs\assimplib\CMakeFiles\CMakeTmp\Debug\cmTC_a34cb.exe" /INCREMENTAL /NOLOGO kernel32.lib user32.lib gdi32.lib winspool.lib shell32.lib ole32.lib oleaut32.lib uuid.lib comdlg32.lib advapi32.lib /MANIFEST /MANIFESTUAC:"level='asInvoker' uiAccess='false'" /manifest:embed /DEBUG /PDB:"D:/Marfil Studios/Engine/trunk/libs/assimplib/CMakeFiles/CMakeTmp/Debug/cmTC_a34cb.pdb" /SUBSYSTEM:CONSOLE /TLBID:1 /DYNAMICBASE /NXCOMPAT /IMPLIB:"D:/Marfil Studios/Engine/trunk/libs/assimplib/CMakeFiles/CMakeTmp/Debug/cmTC_a34cb.lib" /MACHINE:X86 /SAFESEH  /machine:X86 /debug cmTC_a34cb.dir\Debug\CheckFunctionExists.obj
CheckFunctionExists.obj : error LNK2019: unresolved external symbol _fseeko referenced in function _main [D:\Marfil Studios\Engine\trunk\libs\assimplib\CMakeFiles\CMakeTmp\cmTC_a34cb.vcxproj]
D:\Marfil Studios\Engine\trunk\libs\assimplib\CMakeFiles\CMakeTmp\Debug\cmTC_a34cb.exe : fatal error LNK1120: 1 unresolved externals [D:\Marfil Studios\Engine\trunk\libs\assimplib\CMakeFiles\CMakeTmp\cmTC_a34cb.vcxproj]
Done Building Project "D:\Marfil Studios\Engine\trunk\libs\assimplib\CMakeFiles\CMakeTmp\cmTC_a34cb.vcxproj" (default targets) -- FAILED.

Build FAILED.

"D:\Marfil Studios\Engine\trunk\libs\assimplib\CMakeFiles\CMakeTmp\cmTC_a34cb.vcxproj" (default target) (1) ->
(Link target) -> 
  CheckFunctionExists.obj : error LNK2019: unresolved external symbol _fseeko referenced in function _main [D:\Marfil Studios\Engine\trunk\libs\assimplib\CMakeFiles\CMakeTmp\cmTC_a34cb.vcxproj]
  D:\Marfil Studios\Engine\trunk\libs\assimplib\CMakeFiles\CMakeTmp\Debug\cmTC_a34cb.exe : fatal error LNK1120: 1 unresolved externals [D:\Marfil Studios\Engine\trunk\libs\assimplib\CMakeFiles\CMakeTmp\cmTC_a34cb.vcxproj]

    0 Warning(s)
    2 Error(s)

Time Elapsed 00:00:00.40


Determining if the include file unistd.h exists failed with the following output:
Change Dir: D:/Marfil Studios/Engine/trunk/libs/assimplib/CMakeFiles/CMakeTmp

Run Build Command:"C:/Program Files (x86)/MSBuild/12.0/bin/MSBuild.exe" "cmTC_10b48.vcxproj" "/p:Configuration=Debug" "/p:VisualStudioVersion=12.0"
Microsoft (R) Build Engine version 12.0.21005.1
[Microsoft .NET Framework, version 4.0.30319.18408]
Copyright (C) Microsoft Corporation. All rights reserved.

Build started 17.3.2016. 21:57:31.
Project "D:\Marfil Studios\Engine\trunk\libs\assimplib\CMakeFiles\CMakeTmp\cmTC_10b48.vcxproj" on node 1 (default targets).
PrepareForBuild:
  Creating directory "cmTC_10b48.dir\Debug\".
  Creating directory "D:\Marfil Studios\Engine\trunk\libs\assimplib\CMakeFiles\CMakeTmp\Debug\".
  Creating directory "cmTC_10b48.dir\Debug\cmTC_10b48.tlog\".
InitializeBuildStatus:
  Creating "cmTC_10b48.dir\Debug\cmTC_10b48.tlog\unsuccessfulbuild" because "AlwaysCreate" was specified.
ClCompile:
  C:\Program Files (x86)\Microsoft Visual Studio 12.0\VC\bin\CL.exe /c /Zi /W3 /WX- /Od /Ob0 /Oy- /D WIN32 /D _WINDOWS /D _DEBUG /D "CMAKE_INTDIR=\"Debug\"" /D _MBCS /Gm- /RTC1 /MDd /GS /fp:precise /Zc:wchar_t /Zc:forScope /Fo"cmTC_10b48.dir\Debug\\" /Fd"cmTC_10b48.dir\Debug\vc120.pdb" /Gd /TC /analyze- /errorReport:queue "D:\Marfil Studios\Engine\trunk\libs\assimplib\CMakeFiles\CMakeTmp\CheckIncludeFile.c"
  Microsoft (R) C/C++ Optimizing Compiler Version 18.00.21005.1 for x86
  Copyright (C) Microsoft Corporation.  All rights reserved.
  
  cl /c /Zi /W3 /WX- /Od /Ob0 /Oy- /D WIN32 /D _WINDOWS /D _DEBUG /D "CMAKE_INTDIR=\"Debug\"" /D _MBCS /Gm- /RTC1 /MDd /GS /fp:precise /Zc:wchar_t /Zc:forScope /Fo"cmTC_10b48.dir\Debug\\" /Fd"cmTC_10b48.dir\Debug\vc120.pdb" /Gd /TC /analyze- /errorReport:queue "D:\Marfil Studios\Engine\trunk\libs\assimplib\CMakeFiles\CMakeTmp\CheckIncludeFile.c"
  
  CheckIncludeFile.c
D:\Marfil Studios\Engine\trunk\libs\assimplib\CMakeFiles\CMakeTmp\CheckIncludeFile.c(1): fatal error C1083: Cannot open include file: 'unistd.h': No such file or directory [D:\Marfil Studios\Engine\trunk\libs\assimplib\CMakeFiles\CMakeTmp\cmTC_10b48.vcxproj]
Done Building Project "D:\Marfil Studios\Engine\trunk\libs\assimplib\CMakeFiles\CMakeTmp\cmTC_10b48.vcxproj" (default targets) -- FAILED.

Build FAILED.

"D:\Marfil Studios\Engine\trunk\libs\assimplib\CMakeFiles\CMakeTmp\cmTC_10b48.vcxproj" (default target) (1) ->
(ClCompile target) -> 
  D:\Marfil Studios\Engine\trunk\libs\assimplib\CMakeFiles\CMakeTmp\CheckIncludeFile.c(1): fatal error C1083: Cannot open include file: 'unistd.h': No such file or directory [D:\Marfil Studios\Engine\trunk\libs\assimplib\CMakeFiles\CMakeTmp\cmTC_10b48.vcxproj]

    0 Warning(s)
    1 Error(s)

Time Elapsed 00:00:00.25


Determining if the include file pthread.h exists failed with the following output:
Change Dir: D:/Marfil Studios/Engine/trunk/libs/assimplib/CMakeFiles/CMakeTmp

Run Build Command:"C:/Program Files (x86)/MSBuild/12.0/bin/MSBuild.exe" "cmTC_c9421.vcxproj" "/p:Configuration=Debug" "/p:VisualStudioVersion=12.0"
Microsoft (R) Build Engine version 12.0.21005.1
[Microsoft .NET Framework, version 4.0.30319.18408]
Copyright (C) Microsoft Corporation. All rights reserved.

Build started 17.3.2016. 21:57:31.
Project "D:\Marfil Studios\Engine\trunk\libs\assimplib\CMakeFiles\CMakeTmp\cmTC_c9421.vcxproj" on node 1 (default targets).
PrepareForBuild:
  Creating directory "cmTC_c9421.dir\Debug\".
  Creating directory "D:\Marfil Studios\Engine\trunk\libs\assimplib\CMakeFiles\CMakeTmp\Debug\".
  Creating directory "cmTC_c9421.dir\Debug\cmTC_c9421.tlog\".
InitializeBuildStatus:
  Creating "cmTC_c9421.dir\Debug\cmTC_c9421.tlog\unsuccessfulbuild" because "AlwaysCreate" was specified.
ClCompile:
  C:\Program Files (x86)\Microsoft Visual Studio 12.0\VC\bin\CL.exe /c /Zi /W3 /WX- /Od /Ob0 /Oy- /D WIN32 /D _WINDOWS /D _DEBUG /D "CMAKE_INTDIR=\"Debug\"" /D _MBCS /Gm- /RTC1 /MDd /GS /fp:precise /Zc:wchar_t /Zc:forScope /Fo"cmTC_c9421.dir\Debug\\" /Fd"cmTC_c9421.dir\Debug\vc120.pdb" /Gd /TC /analyze- /errorReport:queue "D:\Marfil Studios\Engine\trunk\libs\assimplib\CMakeFiles\CMakeTmp\CheckIncludeFile.c"
  CheckIncludeFile.c
  Microsoft (R) C/C++ Optimizing Compiler Version 18.00.21005.1 for x86
  Copyright (C) Microsoft Corporation.  All rights reserved.
  
  cl /c /Zi /W3 /WX- /Od /Ob0 /Oy- /D WIN32 /D _WINDOWS /D _DEBUG /D "CMAKE_INTDIR=\"Debug\"" /D _MBCS /Gm- /RTC1 /MDd /GS /fp:precise /Zc:wchar_t /Zc:forScope /Fo"cmTC_c9421.dir\Debug\\" /Fd"cmTC_c9421.dir\Debug\vc120.pdb" /Gd /TC /analyze- /errorReport:queue "D:\Marfil Studios\Engine\trunk\libs\assimplib\CMakeFiles\CMakeTmp\CheckIncludeFile.c"
  
D:\Marfil Studios\Engine\trunk\libs\assimplib\CMakeFiles\CMakeTmp\CheckIncludeFile.c(1): fatal error C1083: Cannot open include file: 'pthread.h': No such file or directory [D:\Marfil Studios\Engine\trunk\libs\assimplib\CMakeFiles\CMakeTmp\cmTC_c9421.vcxproj]
Done Building Project "D:\Marfil Studios\Engine\trunk\libs\assimplib\CMakeFiles\CMakeTmp\cmTC_c9421.vcxproj" (default targets) -- FAILED.

Build FAILED.

"D:\Marfil Studios\Engine\trunk\libs\assimplib\CMakeFiles\CMakeTmp\cmTC_c9421.vcxproj" (default target) (1) ->
(ClCompile target) -> 
  D:\Marfil Studios\Engine\trunk\libs\assimplib\CMakeFiles\CMakeTmp\CheckIncludeFile.c(1): fatal error C1083: Cannot open include file: 'pthread.h': No such file or directory [D:\Marfil Studios\Engine\trunk\libs\assimplib\CMakeFiles\CMakeTmp\cmTC_c9421.vcxproj]

    0 Warning(s)
    1 Error(s)

Time Elapsed 00:00:00.24


